DEBUG 2026-01-15 10:37:44 d_metavar.py:22 Metavar for type None: None
DEBUG 2026-01-15 10:37:44 formatter.py:52 action type: None, Result: , nargs: 0, default metavar: None
DEBUG 2026-01-15 10:37:44 d_metavar.py:22 Metavar for type <class 'str'>: str
DEBUG 2026-01-15 10:37:44 formatter.py:52 action type: <class 'str'>, Result: str, nargs: None, default metavar: None
DEBUG 2026-01-15 10:37:44 _wrapper.py:168 wrapped field at policy_type has a default value of None
DEBUG 2026-01-15 10:37:44 _wrapper.py:168 wrapped field at pretrained_name_or_path has a default value of None
DEBUG 2026-01-15 10:37:44 _wrapper.py:168 wrapped field at actions_per_chunk has a default value of None
DEBUG 2026-01-15 10:37:44 _wrapper.py:168 wrapped field at task has a default value of 
DEBUG 2026-01-15 10:37:44 _wrapper.py:168 wrapped field at server_address has a default value of localhost:8080
DEBUG 2026-01-15 10:37:44 _wrapper.py:168 wrapped field at policy_device has a default value of cpu
DEBUG 2026-01-15 10:37:44 _wrapper.py:168 wrapped field at chunk_size_threshold has a default value of 0.5
DEBUG 2026-01-15 10:37:44 _wrapper.py:168 wrapped field at fps has a default value of 30
DEBUG 2026-01-15 10:37:44 _wrapper.py:168 wrapped field at aggregate_fn_name has a default value of weighted_average
DEBUG 2026-01-15 10:37:44 _wrapper.py:168 wrapped field at debug_visualize_queue_size has a default value of False
DEBUG 2026-01-15 10:37:44 _wrapper.py:309 Arg options for field 'policy_type': {'required': False, 'dest': 'policy_type', 'default': None, 'help': 'Policy configuration', 'type': <class 'str'>}
DEBUG 2026-01-15 10:37:44 _wrapper.py:309 Arg options for field 'pretrained_name_or_path': {'required': False, 'dest': 'pretrained_name_or_path', 'default': None, 'type': <class 'str'>}
DEBUG 2026-01-15 10:37:44 d_metavar.py:22 Metavar for type <class 'str'>: str
DEBUG 2026-01-15 10:37:44 formatter.py:52 action type: <class 'str'>, Result: str, nargs: None, default metavar: None
DEBUG 2026-01-15 10:37:44 _wrapper.py:201 wrapped field at robot.id has a default value of None
DEBUG 2026-01-15 10:37:44 _wrapper.py:201 wrapped field at robot.calibration_dir has a default value of None
DEBUG 2026-01-15 10:37:44 _wrapper.py:168 wrapped field at robot.port has a default value of None
DEBUG 2026-01-15 10:37:44 _wrapper.py:168 wrapped field at robot.disable_torque_on_disconnect has a default value of True
DEBUG 2026-01-15 10:37:44 _wrapper.py:201 wrapped field at robot.max_relative_target has a default value of None
DEBUG 2026-01-15 10:37:44 _wrapper.py:201 wrapped field at robot.cameras has a default value of {}
DEBUG 2026-01-15 10:37:44 _wrapper.py:168 wrapped field at robot.use_degrees has a default value of False
DEBUG 2026-01-15 10:37:44 _wrapper.py:201 wrapped field at robot.id has a default value of None
DEBUG 2026-01-15 10:37:44 _wrapper.py:201 wrapped field at robot.calibration_dir has a default value of None
DEBUG 2026-01-15 10:37:44 _wrapper.py:168 wrapped field at robot.left_arm_port has a default value of None
DEBUG 2026-01-15 10:37:44 _wrapper.py:168 wrapped field at robot.right_arm_port has a default value of None
DEBUG 2026-01-15 10:37:44 _wrapper.py:168 wrapped field at robot.left_arm_disable_torque_on_disconnect has a default value of True
DEBUG 2026-01-15 10:37:44 _wrapper.py:201 wrapped field at robot.left_arm_max_relative_target has a default value of None
DEBUG 2026-01-15 10:37:44 _wrapper.py:168 wrapped field at robot.left_arm_use_degrees has a default value of False
DEBUG 2026-01-15 10:37:44 _wrapper.py:168 wrapped field at robot.right_arm_disable_torque_on_disconnect has a default value of True
DEBUG 2026-01-15 10:37:44 _wrapper.py:201 wrapped field at robot.right_arm_max_relative_target has a default value of None
DEBUG 2026-01-15 10:37:44 _wrapper.py:168 wrapped field at robot.right_arm_use_degrees has a default value of False
DEBUG 2026-01-15 10:37:44 _wrapper.py:201 wrapped field at robot.cameras has a default value of {}
DEBUG 2026-01-15 10:37:44 _wrapper.py:201 wrapped field at robot.id has a default value of None
DEBUG 2026-01-15 10:37:44 _wrapper.py:201 wrapped field at robot.calibration_dir has a default value of None
DEBUG 2026-01-15 10:37:44 _wrapper.py:168 wrapped field at robot.port has a default value of None
DEBUG 2026-01-15 10:37:44 _wrapper.py:168 wrapped field at robot.disable_torque_on_disconnect has a default value of True
DEBUG 2026-01-15 10:37:44 _wrapper.py:201 wrapped field at robot.max_relative_target has a default value of None
DEBUG 2026-01-15 10:37:44 _wrapper.py:201 wrapped field at robot.cameras has a default value of {}
DEBUG 2026-01-15 10:37:44 _wrapper.py:168 wrapped field at robot.use_degrees has a default value of False
DEBUG 2026-01-15 10:37:44 _wrapper.py:201 wrapped field at robot.id has a default value of None
DEBUG 2026-01-15 10:37:44 _wrapper.py:201 wrapped field at robot.calibration_dir has a default value of None
DEBUG 2026-01-15 10:37:44 _wrapper.py:168 wrapped field at robot.port has a default value of None
DEBUG 2026-01-15 10:37:44 _wrapper.py:168 wrapped field at robot.disable_torque_on_disconnect has a default value of True
DEBUG 2026-01-15 10:37:44 _wrapper.py:201 wrapped field at robot.max_relative_target has a default value of None
DEBUG 2026-01-15 10:37:44 _wrapper.py:201 wrapped field at robot.cameras has a default value of {}
DEBUG 2026-01-15 10:37:44 _wrapper.py:168 wrapped field at robot.use_degrees has a default value of False
DEBUG 2026-01-15 10:37:44 _wrapper.py:201 wrapped field at robot.id has a default value of None
DEBUG 2026-01-15 10:37:44 _wrapper.py:201 wrapped field at robot.calibration_dir has a default value of None
DEBUG 2026-01-15 10:37:44 _wrapper.py:168 wrapped field at robot.port has a default value of None
DEBUG 2026-01-15 10:37:44 _wrapper.py:168 wrapped field at robot.disable_torque_on_disconnect has a default value of True
DEBUG 2026-01-15 10:37:44 _wrapper.py:201 wrapped field at robot.max_relative_target has a default value of None
DEBUG 2026-01-15 10:37:44 _wrapper.py:201 wrapped field at robot.cameras has a default value of {}
DEBUG 2026-01-15 10:37:44 _wrapper.py:168 wrapped field at robot.use_degrees has a default value of False
DEBUG 2026-01-15 10:37:44 _wrapper.py:309 Arg options for field 'id': {'required': False, 'dest': 'robot.id', 'default': None, 'help': 'Allows to distinguish between different robots of the same type', 'type': typing.Optional[str]}
DEBUG 2026-01-15 10:37:44 _wrapper.py:309 Arg options for field 'calibration_dir': {'required': False, 'dest': 'robot.calibration_dir', 'default': None, 'help': 'Directory to store calibration file', 'type': typing.Optional[pathlib.Path]}
DEBUG 2026-01-15 10:37:44 _wrapper.py:309 Arg options for field 'port': {'required': False, 'dest': 'robot.port', 'default': None, 'help': 'Port to connect to the arm', 'type': <class 'str'>}
DEBUG 2026-01-15 10:37:44 _wrapper.py:309 Arg options for field 'disable_torque_on_disconnect': {'required': False, 'dest': 'robot.disable_torque_on_disconnect', 'default': True, 'help': ' ', 'type': <class 'bool'>}
DEBUG 2026-01-15 10:37:44 _wrapper.py:309 Arg options for field 'max_relative_target': {'required': False, 'dest': 'robot.max_relative_target', 'default': None, 'help': '`max_relative_target` limits the magnitude of the relative positional target vector for safety purposes.\nSet this to a positive scalar to have the same value for all motors, or a dictionary that maps motor\nnames to the max_relative_target value for that motor.', 'type': typing.Union[float, typing.Dict[str, float], NoneType]}
DEBUG 2026-01-15 10:37:44 _wrapper.py:309 Arg options for field 'cameras': {'required': False, 'dest': 'robot.cameras', 'default': {}, 'help': 'cameras', 'type': typing.Dict[str, lerobot.cameras.configs.CameraConfig]}
DEBUG 2026-01-15 10:37:44 _wrapper.py:309 Arg options for field 'use_degrees': {'required': False, 'dest': 'robot.use_degrees', 'default': False, 'help': 'Set to `True` for backward compatibility with previous policies/dataset', 'type': <class 'bool'>}
DEBUG 2026-01-15 10:37:44 _wrapper.py:309 Arg options for field 'id': {'required': False, 'dest': 'robot.id', 'default': None, 'help': 'Allows to distinguish between different robots of the same type', 'type': typing.Optional[str]}
DEBUG 2026-01-15 10:37:44 _wrapper.py:309 Arg options for field 'calibration_dir': {'required': False, 'dest': 'robot.calibration_dir', 'default': None, 'help': 'Directory to store calibration file', 'type': typing.Optional[pathlib.Path]}
DEBUG 2026-01-15 10:37:44 _wrapper.py:309 Arg options for field 'left_arm_port': {'required': False, 'dest': 'robot.left_arm_port', 'default': None, 'type': <class 'str'>}
DEBUG 2026-01-15 10:37:44 _wrapper.py:309 Arg options for field 'right_arm_port': {'required': False, 'dest': 'robot.right_arm_port', 'default': None, 'type': <class 'str'>}
DEBUG 2026-01-15 10:37:44 _wrapper.py:309 Arg options for field 'left_arm_disable_torque_on_disconnect': {'required': False, 'dest': 'robot.left_arm_disable_torque_on_disconnect', 'default': True, 'help': 'Optional', 'type': <class 'bool'>}
DEBUG 2026-01-15 10:37:44 _wrapper.py:309 Arg options for field 'left_arm_max_relative_target': {'required': False, 'dest': 'robot.left_arm_max_relative_target', 'default': None, 'type': typing.Union[float, typing.Dict[str, float], NoneType]}
DEBUG 2026-01-15 10:37:44 _wrapper.py:309 Arg options for field 'left_arm_use_degrees': {'required': False, 'dest': 'robot.left_arm_use_degrees', 'default': False, 'help': ' ', 'type': <class 'bool'>}
DEBUG 2026-01-15 10:37:44 _wrapper.py:309 Arg options for field 'right_arm_disable_torque_on_disconnect': {'required': False, 'dest': 'robot.right_arm_disable_torque_on_disconnect', 'default': True, 'help': ' ', 'type': <class 'bool'>}
DEBUG 2026-01-15 10:37:44 _wrapper.py:309 Arg options for field 'right_arm_max_relative_target': {'required': False, 'dest': 'robot.right_arm_max_relative_target', 'default': None, 'type': typing.Union[float, typing.Dict[str, float], NoneType]}
DEBUG 2026-01-15 10:37:44 _wrapper.py:309 Arg options for field 'right_arm_use_degrees': {'required': False, 'dest': 'robot.right_arm_use_degrees', 'default': False, 'help': ' ', 'type': <class 'bool'>}
DEBUG 2026-01-15 10:37:44 _wrapper.py:309 Arg options for field 'cameras': {'required': False, 'dest': 'robot.cameras', 'default': {}, 'help': 'cameras (shared between both arms)', 'type': typing.Dict[str, lerobot.cameras.configs.CameraConfig]}
DEBUG 2026-01-15 10:37:44 _wrapper.py:309 Arg options for field 'id': {'required': False, 'dest': 'robot.id', 'default': None, 'help': 'Allows to distinguish between different robots of the same type', 'type': typing.Optional[str]}
DEBUG 2026-01-15 10:37:44 _wrapper.py:309 Arg options for field 'calibration_dir': {'required': False, 'dest': 'robot.calibration_dir', 'default': None, 'help': 'Directory to store calibration file', 'type': typing.Optional[pathlib.Path]}
DEBUG 2026-01-15 10:37:44 _wrapper.py:309 Arg options for field 'port': {'required': False, 'dest': 'robot.port', 'default': None, 'help': 'Port to connect to the arm', 'type': <class 'str'>}
DEBUG 2026-01-15 10:37:44 _wrapper.py:309 Arg options for field 'disable_torque_on_disconnect': {'required': False, 'dest': 'robot.disable_torque_on_disconnect', 'default': True, 'help': ' ', 'type': <class 'bool'>}
DEBUG 2026-01-15 10:37:44 _wrapper.py:309 Arg options for field 'max_relative_target': {'required': False, 'dest': 'robot.max_relative_target', 'default': None, 'help': '`max_relative_target` limits the magnitude of the relative positional target vector for safety purposes.\nSet this to a positive scalar to have the same value for all motors, or a dictionary that maps motor\nnames to the max_relative_target value for that motor.', 'type': typing.Union[float, typing.Dict[str, float], NoneType]}
DEBUG 2026-01-15 10:37:44 _wrapper.py:309 Arg options for field 'cameras': {'required': False, 'dest': 'robot.cameras', 'default': {}, 'help': 'cameras', 'type': typing.Dict[str, lerobot.cameras.configs.CameraConfig]}
DEBUG 2026-01-15 10:37:44 _wrapper.py:309 Arg options for field 'use_degrees': {'required': False, 'dest': 'robot.use_degrees', 'default': False, 'help': 'Set to `True` for backward compatibility with previous policies/dataset', 'type': <class 'bool'>}
DEBUG 2026-01-15 10:37:44 _wrapper.py:309 Arg options for field 'id': {'required': False, 'dest': 'robot.id', 'default': None, 'help': 'Allows to distinguish between different robots of the same type', 'type': typing.Optional[str]}
DEBUG 2026-01-15 10:37:44 _wrapper.py:309 Arg options for field 'calibration_dir': {'required': False, 'dest': 'robot.calibration_dir', 'default': None, 'help': 'Directory to store calibration file', 'type': typing.Optional[pathlib.Path]}
DEBUG 2026-01-15 10:37:44 _wrapper.py:309 Arg options for field 'port': {'required': False, 'dest': 'robot.port', 'default': None, 'help': 'Port to connect to the arm', 'type': <class 'str'>}
DEBUG 2026-01-15 10:37:44 _wrapper.py:309 Arg options for field 'disable_torque_on_disconnect': {'required': False, 'dest': 'robot.disable_torque_on_disconnect', 'default': True, 'help': ' ', 'type': <class 'bool'>}
DEBUG 2026-01-15 10:37:44 _wrapper.py:309 Arg options for field 'max_relative_target': {'required': False, 'dest': 'robot.max_relative_target', 'default': None, 'help': '`max_relative_target` limits the magnitude of the relative positional target vector for safety purposes.\nSet this to a positive scalar to have the same value for all motors, or a dictionary that maps motor\nnames to the max_relative_target value for that motor.', 'type': typing.Union[float, typing.Dict[str, float], NoneType]}
DEBUG 2026-01-15 10:37:44 _wrapper.py:309 Arg options for field 'cameras': {'required': False, 'dest': 'robot.cameras', 'default': {}, 'help': 'cameras', 'type': typing.Dict[str, lerobot.cameras.configs.CameraConfig]}
DEBUG 2026-01-15 10:37:44 _wrapper.py:309 Arg options for field 'use_degrees': {'required': False, 'dest': 'robot.use_degrees', 'default': False, 'help': 'Set to `True` for backward compatibility with previous policies/dataset', 'type': <class 'bool'>}
DEBUG 2026-01-15 10:37:44 _wrapper.py:309 Arg options for field 'id': {'required': False, 'dest': 'robot.id', 'default': None, 'help': 'Allows to distinguish between different robots of the same type', 'type': typing.Optional[str]}
DEBUG 2026-01-15 10:37:44 _wrapper.py:309 Arg options for field 'calibration_dir': {'required': False, 'dest': 'robot.calibration_dir', 'default': None, 'help': 'Directory to store calibration file', 'type': typing.Optional[pathlib.Path]}
DEBUG 2026-01-15 10:37:44 _wrapper.py:309 Arg options for field 'port': {'required': False, 'dest': 'robot.port', 'default': None, 'help': 'Port to connect to the arm', 'type': <class 'str'>}
DEBUG 2026-01-15 10:37:44 _wrapper.py:309 Arg options for field 'disable_torque_on_disconnect': {'required': False, 'dest': 'robot.disable_torque_on_disconnect', 'default': True, 'help': ' ', 'type': <class 'bool'>}
DEBUG 2026-01-15 10:37:44 _wrapper.py:309 Arg options for field 'max_relative_target': {'required': False, 'dest': 'robot.max_relative_target', 'default': None, 'help': '`max_relative_target` limits the magnitude of the relative positional target vector for safety purposes.\nSet this to a positive scalar to have the same value for all motors, or a dictionary that maps motor\nnames to the max_relative_target value for that motor.', 'type': typing.Union[float, typing.Dict[str, float], NoneType]}
DEBUG 2026-01-15 10:37:44 _wrapper.py:309 Arg options for field 'cameras': {'required': False, 'dest': 'robot.cameras', 'default': {}, 'help': 'cameras', 'type': typing.Dict[str, lerobot.cameras.configs.CameraConfig]}
DEBUG 2026-01-15 10:37:44 _wrapper.py:309 Arg options for field 'use_degrees': {'required': False, 'dest': 'robot.use_degrees', 'default': False, 'help': 'Set to `True` for backward compatibility with previous policies/dataset', 'type': <class 'bool'>}
DEBUG 2026-01-15 10:37:44 _wrapper.py:309 Arg options for field 'actions_per_chunk': {'required': False, 'dest': 'actions_per_chunk', 'default': None, 'help': 'Policies typically output K actions at max, but we can use less to avoid wasting bandwidth (as actions\nwould be aggregated on the client side anyway, depending on the value of `chunk_size_threshold`)', 'type': <class 'int'>}
DEBUG 2026-01-15 10:37:44 _wrapper.py:309 Arg options for field 'task': {'required': False, 'dest': 'task', 'default': '', 'help': "Task instruction for the robot to execute (e.g., 'fold my tshirt')", 'type': <class 'str'>}
DEBUG 2026-01-15 10:37:44 _wrapper.py:309 Arg options for field 'server_address': {'required': False, 'dest': 'server_address', 'default': 'localhost:8080', 'help': 'Network configuration', 'type': <class 'str'>}
DEBUG 2026-01-15 10:37:44 _wrapper.py:309 Arg options for field 'policy_device': {'required': False, 'dest': 'policy_device', 'default': 'cpu', 'help': 'Device configuration', 'type': <class 'str'>}
DEBUG 2026-01-15 10:37:44 _wrapper.py:309 Arg options for field 'chunk_size_threshold': {'required': False, 'dest': 'chunk_size_threshold', 'default': 0.5, 'help': 'Control behavior configuration', 'type': <class 'float'>}
DEBUG 2026-01-15 10:37:44 _wrapper.py:309 Arg options for field 'fps': {'required': False, 'dest': 'fps', 'default': 30, 'help': ' ', 'type': <class 'int'>}
DEBUG 2026-01-15 10:37:44 ocstring.py:253 Warning: Unable to parse attribute docstring:         default="weighted_average",
DEBUG 2026-01-15 10:37:44 _wrapper.py:309 Arg options for field 'aggregate_fn_name': {'required': False, 'dest': 'aggregate_fn_name', 'default': 'weighted_average', 'help': 'Aggregate function configuration (CLI-compatible)', 'type': <class 'str'>}
DEBUG 2026-01-15 10:37:44 ocstring.py:253 Warning: Unable to parse attribute docstring:         default=False, metadata={"help": "Visualize the action queue size"}
DEBUG 2026-01-15 10:37:44 _wrapper.py:309 Arg options for field 'debug_visualize_queue_size': {'required': False, 'dest': 'debug_visualize_queue_size', 'default': False, 'help': '\n\n\nDebug configuration', 'type': <class 'bool'>}
DEBUG 2026-01-15 10:37:44 gparsing.py:143 
POST PROCESSING

DEBUG 2026-01-15 10:37:44 gparsing.py:144 (raw) parsed args: Namespace(server_address='127.0.0.1:5555', policy_type='pi05', pretrained_name_or_path='/home/baai/桌面/lerobot_record_inference/pi05_so101_cube_only_3ep', policy_device='cuda', actions_per_chunk='50', chunk_size_threshold='0.5', aggregate_fn_name='weighted_average', debug_visualize_queue_size='True', **{'robot.type': 'so101_follower', 'robot.port': '/dev/ttyACM0', 'robot.id': 'follower', 'robot.cameras': '{"top":{"type":"opencv","index_or_path":0,"width":640,"height":480,"fps":30},"side":{"type":"opencv","index_or_path":4,"width":640,"height":480,"fps":30},"wrist":{"type":"opencv","index_or_path":2,"width":640,"height":480,"fps":30}}'})
DEBUG 2026-01-15 10:37:44 decoding.py:112 from_dict for <class 'lerobot.async_inference.configs.RobotClientConfig'>
DEBUG 2026-01-15 10:37:44 decoding.py:132 Decode name = policy_type, type = <class 'str'>
DEBUG 2026-01-15 10:37:44 decoding.py:132 Decode name = pretrained_name_or_path, type = <class 'str'>
DEBUG 2026-01-15 10:37:44 decoding.py:132 Decode name = robot, type = <class 'lerobot.robots.config.RobotConfig'>
DEBUG 2026-01-15 10:37:44 decoding.py:112 from_dict for <class 'lerobot.robots.so101_follower.config_so101_follower.SO101FollowerConfig'>
DEBUG 2026-01-15 10:37:44 decoding.py:132 Decode name = id, type = typing.Optional[str]
DEBUG 2026-01-15 10:37:44 decoding.py:293 Decoding a Union field: typing.Optional[str]
DEBUG 2026-01-15 10:37:44 decoding.py:132 Decode name = port, type = <class 'str'>
DEBUG 2026-01-15 10:37:44 decoding.py:132 Decode name = cameras, type = dict[str, lerobot.cameras.configs.CameraConfig]
DEBUG 2026-01-15 10:37:44 decoding.py:261 Decoding a Dict field: dict[str, lerobot.cameras.configs.CameraConfig]
DEBUG 2026-01-15 10:37:44 decoding.py:112 from_dict for <class 'lerobot.cameras.opencv.configuration_opencv.OpenCVCameraConfig'>
DEBUG 2026-01-15 10:37:44 decoding.py:132 Decode name = fps, type = typing.Optional[int]
DEBUG 2026-01-15 10:37:44 decoding.py:293 Decoding a Union field: typing.Optional[int]
DEBUG 2026-01-15 10:37:44 decoding.py:132 Decode name = width, type = typing.Optional[int]
DEBUG 2026-01-15 10:37:44 decoding.py:132 Decode name = height, type = typing.Optional[int]
DEBUG 2026-01-15 10:37:44 decoding.py:132 Decode name = index_or_path, type = typing.Union[int, pathlib.Path]
DEBUG 2026-01-15 10:37:44 decoding.py:293 Decoding a Union field: typing.Union[int, pathlib.Path]
DEBUG 2026-01-15 10:37:44 decoding.py:112 from_dict for <class 'lerobot.cameras.opencv.configuration_opencv.OpenCVCameraConfig'>
DEBUG 2026-01-15 10:37:44 decoding.py:132 Decode name = fps, type = typing.Optional[int]
DEBUG 2026-01-15 10:37:44 decoding.py:132 Decode name = width, type = typing.Optional[int]
DEBUG 2026-01-15 10:37:44 decoding.py:132 Decode name = height, type = typing.Optional[int]
DEBUG 2026-01-15 10:37:44 decoding.py:132 Decode name = index_or_path, type = typing.Union[int, pathlib.Path]
DEBUG 2026-01-15 10:37:44 decoding.py:112 from_dict for <class 'lerobot.cameras.opencv.configuration_opencv.OpenCVCameraConfig'>
DEBUG 2026-01-15 10:37:44 decoding.py:132 Decode name = fps, type = typing.Optional[int]
DEBUG 2026-01-15 10:37:44 decoding.py:132 Decode name = width, type = typing.Optional[int]
DEBUG 2026-01-15 10:37:44 decoding.py:132 Decode name = height, type = typing.Optional[int]
DEBUG 2026-01-15 10:37:44 decoding.py:132 Decode name = index_or_path, type = typing.Union[int, pathlib.Path]
DEBUG 2026-01-15 10:37:44 decoding.py:132 Decode name = actions_per_chunk, type = <class 'int'>
DEBUG 2026-01-15 10:37:44 decoding.py:132 Decode name = server_address, type = <class 'str'>
DEBUG 2026-01-15 10:37:44 decoding.py:132 Decode name = policy_device, type = <class 'str'>
DEBUG 2026-01-15 10:37:44 decoding.py:132 Decode name = chunk_size_threshold, type = <class 'float'>
DEBUG 2026-01-15 10:37:44 decoding.py:132 Decode name = aggregate_fn_name, type = <class 'str'>
DEBUG 2026-01-15 10:37:44 decoding.py:132 Decode name = debug_visualize_queue_size, type = <class 'bool'>
INFO 2026-01-15 10:37:44 rompt_ui.py:199 {'actions_per_chunk': 50,
 'aggregate_fn_name': 'weighted_average',
 'chunk_size_threshold': 0.5,
 'debug_visualize_queue_size': True,
 'fps': 30,
 'policy_device': 'cuda',
 'policy_type': 'pi05',
 'pretrained_name_or_path': '/home/baai/桌面/lerobot_record_inference/pi05_so101_cube_only_3ep',
 'robot': {'calibration_dir': None,
           'cameras': {'side': {'color_mode': <ColorMode.RGB: 'rgb'>,
                                'fourcc': None,
                                'fps': 30,
                                'height': 480,
                                'index_or_path': 4,
                                'rotation': <Cv2Rotation.NO_ROTATION: 0>,
                                'warmup_s': 1,
                                'width': 640},
                       'top': {'color_mode': <ColorMode.RGB: 'rgb'>,
                               'fourcc': None,
                               'fps': 30,
                               'height': 480,
                               'index_or_path': 0,
                               'rotation': <Cv2Rotation.NO_ROTATION: 0>,
                               'warmup_s': 1,
                               'width': 640},
                       'wrist': {'color_mode': <ColorMode.RGB: 'rgb'>,
                                 'fourcc': None,
                                 'fps': 30,
                                 'height': 480,
                                 'index_or_path': 2,
                                 'rotation': <Cv2Rotation.NO_ROTATION: 0>,
                                 'warmup_s': 1,
                                 'width': 640}},
           'disable_torque_on_disconnect': True,
           'id': 'follower',
           'max_relative_target': None,
           'port': '/dev/ttyACM0',
           'use_degrees': False},
 'server_address': '127.0.0.1:5555',
 'task': ''}
DEBUG 2026-01-15 10:37:51 decoding.py:261 Decoding a Dict field: typing.Dict[str, lerobot.motors.motors_bus.MotorCalibration]
DEBUG 2026-01-15 10:37:51 decoding.py:112 from_dict for <class 'lerobot.motors.motors_bus.MotorCalibration'>
DEBUG 2026-01-15 10:37:51 decoding.py:132 Decode name = id, type = <class 'int'>
DEBUG 2026-01-15 10:37:51 decoding.py:132 Decode name = drive_mode, type = <class 'int'>
DEBUG 2026-01-15 10:37:51 decoding.py:132 Decode name = homing_offset, type = <class 'int'>
DEBUG 2026-01-15 10:37:51 decoding.py:132 Decode name = range_min, type = <class 'int'>
DEBUG 2026-01-15 10:37:51 decoding.py:132 Decode name = range_max, type = <class 'int'>
DEBUG 2026-01-15 10:37:51 decoding.py:112 from_dict for <class 'lerobot.motors.motors_bus.MotorCalibration'>
DEBUG 2026-01-15 10:37:51 decoding.py:132 Decode name = id, type = <class 'int'>
DEBUG 2026-01-15 10:37:51 decoding.py:132 Decode name = drive_mode, type = <class 'int'>
DEBUG 2026-01-15 10:37:51 decoding.py:132 Decode name = homing_offset, type = <class 'int'>
DEBUG 2026-01-15 10:37:51 decoding.py:132 Decode name = range_min, type = <class 'int'>
DEBUG 2026-01-15 10:37:51 decoding.py:132 Decode name = range_max, type = <class 'int'>
DEBUG 2026-01-15 10:37:51 decoding.py:112 from_dict for <class 'lerobot.motors.motors_bus.MotorCalibration'>
DEBUG 2026-01-15 10:37:51 decoding.py:132 Decode name = id, type = <class 'int'>
DEBUG 2026-01-15 10:37:51 decoding.py:132 Decode name = drive_mode, type = <class 'int'>
DEBUG 2026-01-15 10:37:51 decoding.py:132 Decode name = homing_offset, type = <class 'int'>
DEBUG 2026-01-15 10:37:51 decoding.py:132 Decode name = range_min, type = <class 'int'>
DEBUG 2026-01-15 10:37:51 decoding.py:132 Decode name = range_max, type = <class 'int'>
DEBUG 2026-01-15 10:37:51 decoding.py:112 from_dict for <class 'lerobot.motors.motors_bus.MotorCalibration'>
DEBUG 2026-01-15 10:37:51 decoding.py:132 Decode name = id, type = <class 'int'>
DEBUG 2026-01-15 10:37:51 decoding.py:132 Decode name = drive_mode, type = <class 'int'>
DEBUG 2026-01-15 10:37:51 decoding.py:132 Decode name = homing_offset, type = <class 'int'>
DEBUG 2026-01-15 10:37:51 decoding.py:132 Decode name = range_min, type = <class 'int'>
DEBUG 2026-01-15 10:37:51 decoding.py:132 Decode name = range_max, type = <class 'int'>
DEBUG 2026-01-15 10:37:51 decoding.py:112 from_dict for <class 'lerobot.motors.motors_bus.MotorCalibration'>
DEBUG 2026-01-15 10:37:51 decoding.py:132 Decode name = id, type = <class 'int'>
DEBUG 2026-01-15 10:37:51 decoding.py:132 Decode name = drive_mode, type = <class 'int'>
DEBUG 2026-01-15 10:37:51 decoding.py:132 Decode name = homing_offset, type = <class 'int'>
DEBUG 2026-01-15 10:37:51 decoding.py:132 Decode name = range_min, type = <class 'int'>
DEBUG 2026-01-15 10:37:51 decoding.py:132 Decode name = range_max, type = <class 'int'>
DEBUG 2026-01-15 10:37:51 decoding.py:112 from_dict for <class 'lerobot.motors.motors_bus.MotorCalibration'>
DEBUG 2026-01-15 10:37:51 decoding.py:132 Decode name = id, type = <class 'int'>
DEBUG 2026-01-15 10:37:51 decoding.py:132 Decode name = drive_mode, type = <class 'int'>
DEBUG 2026-01-15 10:37:51 decoding.py:132 Decode name = homing_offset, type = <class 'int'>
DEBUG 2026-01-15 10:37:51 decoding.py:132 Decode name = range_min, type = <class 'int'>
DEBUG 2026-01-15 10:37:51 decoding.py:132 Decode name = range_max, type = <class 'int'>
DEBUG 2026-01-15 10:37:51 tors_bus.py:432 FeetechMotorsBus connected.
DEBUG 2026-01-15 10:37:52 a_opencv.py:396 OpenCVCamera(0) read took: 534.4ms
DEBUG 2026-01-15 10:37:52 a_opencv.py:396 OpenCVCamera(0) read took: 1.3ms
DEBUG 2026-01-15 10:37:52 a_opencv.py:396 OpenCVCamera(0) read took: 1.1ms
DEBUG 2026-01-15 10:37:52 a_opencv.py:396 OpenCVCamera(0) read took: 1.2ms
DEBUG 2026-01-15 10:37:52 a_opencv.py:396 OpenCVCamera(0) read took: 1.2ms
INFO 2026-01-15 10:37:52 a_opencv.py:195 OpenCVCamera(0) connected.
DEBUG 2026-01-15 10:37:53 a_opencv.py:396 OpenCVCamera(4) read took: 533.4ms
DEBUG 2026-01-15 10:37:53 a_opencv.py:396 OpenCVCamera(4) read took: 1.2ms
DEBUG 2026-01-15 10:37:53 a_opencv.py:396 OpenCVCamera(4) read took: 1.0ms
DEBUG 2026-01-15 10:37:53 a_opencv.py:396 OpenCVCamera(4) read took: 1.3ms
DEBUG 2026-01-15 10:37:53 a_opencv.py:396 OpenCVCamera(4) read took: 1.1ms
INFO 2026-01-15 10:37:53 a_opencv.py:195 OpenCVCamera(4) connected.
DEBUG 2026-01-15 10:37:54 a_opencv.py:396 OpenCVCamera(2) read took: 551.3ms
DEBUG 2026-01-15 10:37:54 a_opencv.py:396 OpenCVCamera(2) read took: 1.2ms
DEBUG 2026-01-15 10:37:54 a_opencv.py:396 OpenCVCamera(2) read took: 1.2ms
DEBUG 2026-01-15 10:37:54 a_opencv.py:396 OpenCVCamera(2) read took: 1.2ms
DEBUG 2026-01-15 10:37:55 a_opencv.py:396 OpenCVCamera(2) read took: 1.2ms
INFO 2026-01-15 10:37:55 a_opencv.py:195 OpenCVCamera(2) connected.
INFO 2026-01-15 10:37:55 follower.py:104 follower SO101Follower connected.
INFO 2026-01-15 10:37:55 t_client.py:114 Initializing client to connect to server at 127.0.0.1:5555
INFO 2026-01-15 10:37:55 t_client.py:133 Robot connected and ready
DEBUG 2026-01-15 10:37:55 t_client.py:150 Connected to policy server in 0.0013s
INFO 2026-01-15 10:37:55 t_client.py:156 Sending policy instructions to policy server
DEBUG 2026-01-15 10:37:55 t_client.py:157 Policy type: pi05 | Pretrained name or path: /home/baai/桌面/lerobot_record_inference/pi05_so101_cube_only_3ep | Device: cuda
ERROR 2026-01-15 10:38:23 t_client.py:170 Failed to connect to policy server: <_InactiveRpcError of RPC that terminated with:
	status = StatusCode.UNKNOWN
	details = "Exception calling application: Failed to instantiate processor step 'tokenizer_processor' with config: {'max_length': 200, 'task_key': 'task', 'padding_side': 'right', 'padding': 'max_length', 'truncation': True, 'tokenizer_name': '/home/baai/桌面/lerobotso101/paligemma'}. Error: Repo id must be in the form 'repo_name' or 'namespace/repo_name': '/home/baai/桌面/lerobotso101/paligemma'. Use `repo_type` argument if needed."
	debug_error_string = "UNKNOWN:Error received from peer  {grpc_status:2, grpc_message:"Exception calling application: Failed to instantiate processor step \'tokenizer_processor\' with config: {\'max_length\': 200, \'task_key\': \'task\', \'padding_side\': \'right\', \'padding\': \'max_length\', \'truncation\': True, \'tokenizer_name\': \'/home/baai/\xe6\xa1\x8c\xe9\x9d\xa2/lerobotso101/paligemma\'}. Error: Repo id must be in the form \'repo_name\' or \'namespace/repo_name\': \'/home/baai/\xe6\xa1\x8c\xe9\x9d\xa2/lerobotso101/paligemma\'. Use `repo_type` argument if needed."}"
>
